<?xml version="1.0" encoding="UTF-8"?>
<testng-results skipped="0" failed="0" total="1" passed="1">
  <reporter-output>
  </reporter-output>
  <suite name="All Test Suite" duration-ms="84200" started-at="2021-01-16T14:53:02Z" finished-at="2021-01-16T14:54:26Z">
    <groups>
      <group name="cucumber">
        <method signature="AbstractTestNGCucumberTests.feature(cucumber.api.testng.CucumberFeatureWrapper)[pri:0, instance:Runner.RunCuke@1e67b872]" name="feature" class="cucumber.api.testng.AbstractTestNGCucumberTests"/>
      </group> <!-- cucumber -->
    </groups>
    <test name="E:/LearningMe/CGAssignmentCucumberMethod" duration-ms="84200" started-at="2021-01-16T14:53:02Z" finished-at="2021-01-16T14:54:26Z">
      <class name="Runner.RunCuke">
        <test-method status="PASS" signature="setUpClass()[pri:0, instance:Runner.RunCuke@1e67b872]" name="setUpClass" is-config="true" duration-ms="308" started-at="2021-01-16T20:23:02Z" finished-at="2021-01-16T20:23:02Z">
          <reporter-output>
          </reporter-output>
        </test-method> <!-- setUpClass -->
        <test-method status="PASS" signature="setup()[pri:0, instance:Runner.RunCuke@1e67b872]" name="setup" is-config="true" duration-ms="151" started-at="2021-01-16T20:23:02Z" finished-at="2021-01-16T20:23:02Z">
          <reporter-output>
          </reporter-output>
        </test-method> <!-- setup -->
        <test-method status="PASS" signature="feature(cucumber.api.testng.CucumberFeatureWrapper)[pri:0, instance:Runner.RunCuke@1e67b872]" name="feature" duration-ms="83606" started-at="2021-01-16T20:23:02Z" description="Runs Cucumber Feature" data-provider="features" finished-at="2021-01-16T20:24:26Z">
          <params>
            <param index="0">
              <value>
                <![CDATA[Acceptance testing to validate Amazon page]]>
              </value>
            </param>
          </params>
          <reporter-output>
          </reporter-output>
        </test-method> <!-- feature -->
        <test-method status="PASS" signature="tearDownClass()[pri:0, instance:Runner.RunCuke@1e67b872]" name="tearDownClass" is-config="true" duration-ms="50" started-at="2021-01-16T20:24:26Z" finished-at="2021-01-16T20:24:26Z">
          <reporter-output>
          </reporter-output>
        </test-method> <!-- tearDownClass -->
      </class> <!-- Runner.RunCuke -->
    </test> <!-- E:/LearningMe/CGAssignmentCucumberMethod -->
  </suite> <!-- All Test Suite -->
</testng-results>
